2024-03-20 14:03:43,213 INFO o.a.j.u.JMeterUtils: Setting Locale to en_EN
2024-03-20 14:03:43,237 INFO o.a.j.JMeter: Loading user properties from: /Users/dominikwei/Downloads/apache-jmeter-5.6.3/bin/user.properties
2024-03-20 14:03:43,237 INFO o.a.j.JMeter: Loading system properties from: /Users/dominikwei/Downloads/apache-jmeter-5.6.3/bin/system.properties
2024-03-20 14:03:43,243 INFO o.a.j.JMeter: Copyright (c) 1998-2024 The Apache Software Foundation
2024-03-20 14:03:43,243 INFO o.a.j.JMeter: Version 5.6.3
2024-03-20 14:03:43,243 INFO o.a.j.JMeter: java.version=13.0.14
2024-03-20 14:03:43,243 INFO o.a.j.JMeter: java.vm.name=OpenJDK 64-Bit Server VM
2024-03-20 14:03:43,243 INFO o.a.j.JMeter: os.name=Mac OS X
2024-03-20 14:03:43,244 INFO o.a.j.JMeter: os.arch=x86_64
2024-03-20 14:03:43,244 INFO o.a.j.JMeter: os.version=14.2.1
2024-03-20 14:03:43,244 INFO o.a.j.JMeter: file.encoding=UTF-8
2024-03-20 14:03:43,244 INFO o.a.j.JMeter: java.awt.headless=true
2024-03-20 14:03:43,244 INFO o.a.j.JMeter: Max memory     =1073741824
2024-03-20 14:03:43,244 INFO o.a.j.JMeter: Available Processors =8
2024-03-20 14:03:43,251 INFO o.a.j.JMeter: Default Locale=English (EN)
2024-03-20 14:03:43,251 INFO o.a.j.JMeter: JMeter  Locale=English (EN)
2024-03-20 14:03:43,251 INFO o.a.j.JMeter: JMeterHome=/Users/dominikwei/Downloads/apache-jmeter-5.6.3
2024-03-20 14:03:43,252 INFO o.a.j.JMeter: user.dir  =/Users/dominikwei/Documents/Code/AzureAndOpenfaas/Azure/Jmeter
2024-03-20 14:03:43,252 INFO o.a.j.JMeter: PWD       =/Users/dominikwei/Documents/Code/AzureAndOpenfaas/Azure/Jmeter
2024-03-20 14:03:43,253 INFO o.a.j.JMeter: IP: 127.0.0.1 Name: dominikweis-MacBook-Pro.local FullName: localhost
2024-03-20 14:03:43,268 INFO o.a.j.s.FileServer: Default base='/Users/dominikwei/Documents/Code/AzureAndOpenfaas/Azure/Jmeter'
2024-03-20 14:03:43,269 INFO o.a.j.s.FileServer: Set new base='/Users/dominikwei/Documents/Code/AzureAndOpenfaas/Azure/Jmeter'
2024-03-20 14:03:43,411 INFO o.a.j.s.SaveService: Testplan (JMX) version: 2.2. Testlog (JTL) version: 2.2
2024-03-20 14:03:43,425 INFO o.a.j.s.SaveService: Using SaveService properties version 5.0
2024-03-20 14:03:43,428 INFO o.a.j.s.SaveService: Using SaveService properties file encoding UTF-8
2024-03-20 14:03:43,431 INFO o.a.j.s.SaveService: Loading file: azure.jmx
2024-03-20 14:03:43,492 INFO o.a.j.p.h.s.HTTPSamplerBase: Parser for text/html is org.apache.jmeter.protocol.http.parser.LagartoBasedHtmlParser
2024-03-20 14:03:43,493 INFO o.a.j.p.h.s.HTTPSamplerBase: Parser for application/xhtml+xml is org.apache.jmeter.protocol.http.parser.LagartoBasedHtmlParser
2024-03-20 14:03:43,493 INFO o.a.j.p.h.s.HTTPSamplerBase: Parser for application/xml is org.apache.jmeter.protocol.http.parser.LagartoBasedHtmlParser
2024-03-20 14:03:43,493 INFO o.a.j.p.h.s.HTTPSamplerBase: Parser for text/xml is org.apache.jmeter.protocol.http.parser.LagartoBasedHtmlParser
2024-03-20 14:03:43,493 INFO o.a.j.p.h.s.HTTPSamplerBase: Parser for text/vnd.wap.wml is org.apache.jmeter.protocol.http.parser.RegexpHTMLParser
2024-03-20 14:03:43,493 INFO o.a.j.p.h.s.HTTPSamplerBase: Parser for text/css is org.apache.jmeter.protocol.http.parser.CssParser
2024-03-20 14:03:43,525 INFO o.a.j.JMeter: Creating summariser <summary>
2024-03-20 14:03:43,536 INFO o.a.j.e.StandardJMeterEngine: Running the test!
2024-03-20 14:03:43,537 INFO o.a.j.s.SampleEvent: List of sample_variables: []
2024-03-20 14:03:43,537 INFO o.a.j.s.SampleEvent: List of sample_variables: []
2024-03-20 14:03:43,550 INFO o.a.j.e.u.CompoundVariable: Note: Function class names must contain the string: '.functions.'
2024-03-20 14:03:43,550 INFO o.a.j.e.u.CompoundVariable: Note: Function class names must not contain the string: '.gui.'
2024-03-20 14:03:43,817 INFO o.a.j.JMeter: Running test (1710943423817)
2024-03-20 14:03:43,834 INFO o.a.j.e.StandardJMeterEngine: Starting ThreadGroup: 1 : Thread Group
2024-03-20 14:03:43,835 INFO o.a.j.e.StandardJMeterEngine: Starting 100 threads for group Thread Group.
2024-03-20 14:03:43,835 INFO o.a.j.e.StandardJMeterEngine: Thread will continue on error
2024-03-20 14:03:43,835 INFO o.a.j.t.ThreadGroup: Starting thread group... number=1 threads=100 ramp-up=1 delayedStart=false
2024-03-20 14:03:43,849 INFO o.a.j.t.JMeterThread: Thread started: Thread Group 1-1
2024-03-20 14:03:43,855 INFO o.a.j.t.JMeterThread: Thread started: Thread Group 1-2
2024-03-20 14:03:43,861 INFO o.a.j.t.JMeterThread: Thread started: Thread Group 1-3
2024-03-20 14:03:43,873 INFO o.a.j.t.JMeterThread: Thread started: Thread Group 1-4
2024-03-20 14:03:43,875 INFO o.a.j.p.h.s.HTTPHCAbstractImpl: Local host = dominikweis-MacBook-Pro.local
2024-03-20 14:03:43,880 INFO o.a.j.t.JMeterThread: Thread started: Thread Group 1-5
2024-03-20 14:03:43,883 INFO o.a.j.p.h.s.HTTPHC4Impl: HTTP request retry count = 0
2024-03-20 14:03:43,885 INFO o.a.j.s.SampleResult: Note: Sample TimeStamps are START times
2024-03-20 14:03:43,885 INFO o.a.j.s.SampleResult: sampleresult.default.encoding is set to UTF-8
2024-03-20 14:03:43,885 INFO o.a.j.s.SampleResult: sampleresult.useNanoTime=true
2024-03-20 14:03:43,885 INFO o.a.j.s.SampleResult: sampleresult.nanoThreadSleep=5000
2024-03-20 14:03:43,889 INFO o.a.j.t.JMeterThread: Thread started: Thread Group 1-6
2024-03-20 14:03:43,897 INFO o.a.j.t.JMeterThread: Thread started: Thread Group 1-7
2024-03-20 14:03:43,900 INFO o.a.j.t.ThreadGroup: Started thread group number 1
2024-03-20 14:03:43,900 INFO o.a.j.e.StandardJMeterEngine: All thread groups have been started
2024-03-20 14:03:43,910 INFO o.a.j.t.JMeterThread: Thread started: Thread Group 1-8
2024-03-20 14:03:43,921 INFO o.a.j.t.JMeterThread: Thread started: Thread Group 1-9
2024-03-20 14:03:43,926 INFO o.a.j.t.JMeterThread: Thread started: Thread Group 1-10
2024-03-20 14:03:43,941 INFO o.a.j.t.JMeterThread: Thread started: Thread Group 1-11
2024-03-20 14:03:43,947 INFO o.a.j.t.JMeterThread: Thread started: Thread Group 1-12
2024-03-20 14:03:43,958 INFO o.a.j.t.JMeterThread: Thread started: Thread Group 1-13
2024-03-20 14:03:43,971 INFO o.a.j.t.JMeterThread: Thread started: Thread Group 1-14
2024-03-20 14:03:43,979 INFO o.a.j.t.JMeterThread: Thread started: Thread Group 1-15
2024-03-20 14:03:43,990 INFO o.a.j.t.JMeterThread: Thread started: Thread Group 1-16
2024-03-20 14:03:43,999 INFO o.a.j.t.JMeterThread: Thread started: Thread Group 1-17
2024-03-20 14:03:44,010 INFO o.a.j.t.JMeterThread: Thread started: Thread Group 1-18
2024-03-20 14:03:44,020 INFO o.a.j.t.JMeterThread: Thread started: Thread Group 1-19
2024-03-20 14:03:44,030 INFO o.a.j.t.JMeterThread: Thread started: Thread Group 1-20
2024-03-20 14:03:44,036 INFO o.a.j.p.h.s.h.LazyLayeredConnectionSocketFactory: Setting up HTTPS TrustAll Socket Factory
2024-03-20 14:03:44,040 INFO o.a.j.t.JMeterThread: Thread started: Thread Group 1-21
2024-03-20 14:03:44,046 INFO o.a.j.u.JsseSSLManager: Using default SSL protocol: TLS
2024-03-20 14:03:44,046 INFO o.a.j.u.JsseSSLManager: SSL session context: per-thread
2024-03-20 14:03:44,050 INFO o.a.j.t.JMeterThread: Thread started: Thread Group 1-22
2024-03-20 14:03:44,057 INFO o.a.j.t.JMeterThread: Thread started: Thread Group 1-23
2024-03-20 14:03:44,070 INFO o.a.j.t.JMeterThread: Thread started: Thread Group 1-24
2024-03-20 14:03:44,076 INFO o.a.j.t.JMeterThread: Thread started: Thread Group 1-25
2024-03-20 14:03:44,090 INFO o.a.j.t.JMeterThread: Thread started: Thread Group 1-26
2024-03-20 14:03:44,097 INFO o.a.j.t.JMeterThread: Thread started: Thread Group 1-27
2024-03-20 14:03:44,109 INFO o.a.j.t.JMeterThread: Thread started: Thread Group 1-28
2024-03-20 14:03:44,119 INFO o.a.j.t.JMeterThread: Thread started: Thread Group 1-29
2024-03-20 14:03:44,126 INFO o.a.j.t.JMeterThread: Thread started: Thread Group 1-30
2024-03-20 14:03:44,141 INFO o.a.j.t.JMeterThread: Thread started: Thread Group 1-31
2024-03-20 14:03:44,149 INFO o.a.j.t.JMeterThread: Thread started: Thread Group 1-32
2024-03-20 14:03:44,156 INFO o.a.j.t.JMeterThread: Thread started: Thread Group 1-33
2024-03-20 14:03:44,169 INFO o.a.j.t.JMeterThread: Thread started: Thread Group 1-34
2024-03-20 14:03:44,180 INFO o.a.j.t.JMeterThread: Thread started: Thread Group 1-35
2024-03-20 14:03:44,189 INFO o.a.j.t.JMeterThread: Thread started: Thread Group 1-36
2024-03-20 14:03:44,199 INFO o.a.j.t.JMeterThread: Thread started: Thread Group 1-37
2024-03-20 14:03:44,202 INFO o.a.j.u.SSLManager: JmeterKeyStore Location:  type JKS
2024-03-20 14:03:44,208 INFO o.a.j.u.SSLManager: KeyStore created OK
2024-03-20 14:03:44,208 WARN o.a.j.u.SSLManager: Keystore file not found, loading empty keystore
2024-03-20 14:03:44,209 INFO o.a.j.t.JMeterThread: Thread started: Thread Group 1-38
2024-03-20 14:03:44,219 INFO o.a.j.t.JMeterThread: Thread started: Thread Group 1-39
2024-03-20 14:03:44,230 INFO o.a.j.t.JMeterThread: Thread started: Thread Group 1-40
2024-03-20 14:03:44,236 INFO o.a.j.t.JMeterThread: Thread started: Thread Group 1-41
2024-03-20 14:03:44,249 INFO o.a.j.t.JMeterThread: Thread started: Thread Group 1-42
2024-03-20 14:03:44,256 INFO o.a.j.t.JMeterThread: Thread started: Thread Group 1-43
2024-03-20 14:03:44,267 INFO o.a.j.t.JMeterThread: Thread started: Thread Group 1-44
2024-03-20 14:03:44,277 INFO o.a.j.t.JMeterThread: Thread started: Thread Group 1-45
2024-03-20 14:03:44,289 INFO o.a.j.t.JMeterThread: Thread started: Thread Group 1-46
2024-03-20 14:03:44,299 INFO o.a.j.t.JMeterThread: Thread started: Thread Group 1-47
2024-03-20 14:03:44,309 INFO o.a.j.t.JMeterThread: Thread started: Thread Group 1-48
2024-03-20 14:03:44,320 INFO o.a.j.t.JMeterThread: Thread started: Thread Group 1-49
2024-03-20 14:03:44,330 INFO o.a.j.t.JMeterThread: Thread started: Thread Group 1-50
2024-03-20 14:03:44,337 INFO o.a.j.t.JMeterThread: Thread started: Thread Group 1-51
2024-03-20 14:03:44,354 INFO o.a.j.t.JMeterThread: Thread started: Thread Group 1-52
2024-03-20 14:03:44,359 INFO o.a.j.t.JMeterThread: Thread started: Thread Group 1-53
2024-03-20 14:03:44,381 INFO o.a.j.t.JMeterThread: Thread started: Thread Group 1-54
2024-03-20 14:03:44,425 INFO o.a.j.t.JMeterThread: Thread started: Thread Group 1-55
2024-03-20 14:03:44,431 INFO o.a.j.t.JMeterThread: Thread started: Thread Group 1-56
2024-03-20 14:03:44,432 INFO o.a.j.t.JMeterThread: Thread started: Thread Group 1-57
2024-03-20 14:03:44,433 INFO o.a.j.t.JMeterThread: Thread started: Thread Group 1-58
2024-03-20 14:03:44,435 INFO o.a.j.t.JMeterThread: Thread started: Thread Group 1-59
2024-03-20 14:03:44,437 INFO o.a.j.t.JMeterThread: Thread started: Thread Group 1-60
2024-03-20 14:03:44,444 INFO o.a.j.t.JMeterThread: Thread started: Thread Group 1-61
2024-03-20 14:03:44,456 INFO o.a.j.t.JMeterThread: Thread started: Thread Group 1-62
2024-03-20 14:03:44,459 INFO o.a.j.t.JMeterThread: Thread started: Thread Group 1-63
2024-03-20 14:03:44,468 INFO o.a.j.t.JMeterThread: Thread started: Thread Group 1-64
2024-03-20 14:03:44,478 INFO o.a.j.t.JMeterThread: Thread started: Thread Group 1-65
2024-03-20 14:03:44,488 INFO o.a.j.t.JMeterThread: Thread started: Thread Group 1-66
2024-03-20 14:03:44,499 INFO o.a.j.t.JMeterThread: Thread started: Thread Group 1-67
2024-03-20 14:03:44,506 INFO o.a.j.t.JMeterThread: Thread started: Thread Group 1-68
2024-03-20 14:03:44,516 INFO o.a.j.t.JMeterThread: Thread started: Thread Group 1-69
2024-03-20 14:03:44,527 INFO o.a.j.t.JMeterThread: Thread started: Thread Group 1-70
2024-03-20 14:03:44,538 INFO o.a.j.t.JMeterThread: Thread started: Thread Group 1-71
2024-03-20 14:03:44,547 INFO o.a.j.t.JMeterThread: Thread started: Thread Group 1-72
2024-03-20 14:03:44,556 INFO o.a.j.t.JMeterThread: Thread started: Thread Group 1-73
2024-03-20 14:03:44,568 INFO o.a.j.t.JMeterThread: Thread started: Thread Group 1-74
2024-03-20 14:03:44,578 INFO o.a.j.t.JMeterThread: Thread started: Thread Group 1-75
2024-03-20 14:03:44,588 INFO o.a.j.t.JMeterThread: Thread started: Thread Group 1-76
2024-03-20 14:03:44,597 INFO o.a.j.t.JMeterThread: Thread started: Thread Group 1-77
2024-03-20 14:03:44,606 INFO o.a.j.t.JMeterThread: Thread started: Thread Group 1-78
2024-03-20 14:03:44,618 INFO o.a.j.t.JMeterThread: Thread started: Thread Group 1-79
2024-03-20 14:03:44,631 INFO o.a.j.t.JMeterThread: Thread started: Thread Group 1-80
2024-03-20 14:03:44,639 INFO o.a.j.t.JMeterThread: Thread started: Thread Group 1-81
2024-03-20 14:03:44,651 INFO o.a.j.t.JMeterThread: Thread started: Thread Group 1-82
2024-03-20 14:03:44,661 INFO o.a.j.t.JMeterThread: Thread started: Thread Group 1-83
2024-03-20 14:03:44,670 INFO o.a.j.t.JMeterThread: Thread started: Thread Group 1-84
2024-03-20 14:03:44,678 INFO o.a.j.t.JMeterThread: Thread started: Thread Group 1-85
2024-03-20 14:03:44,688 INFO o.a.j.t.JMeterThread: Thread started: Thread Group 1-86
2024-03-20 14:03:44,697 INFO o.a.j.t.JMeterThread: Thread started: Thread Group 1-87
2024-03-20 14:03:44,708 INFO o.a.j.t.JMeterThread: Thread started: Thread Group 1-88
2024-03-20 14:03:44,717 INFO o.a.j.t.JMeterThread: Thread started: Thread Group 1-89
2024-03-20 14:03:44,727 INFO o.a.j.t.JMeterThread: Thread started: Thread Group 1-90
2024-03-20 14:03:44,739 INFO o.a.j.t.JMeterThread: Thread started: Thread Group 1-91
2024-03-20 14:03:44,749 INFO o.a.j.t.JMeterThread: Thread started: Thread Group 1-92
2024-03-20 14:03:44,759 INFO o.a.j.t.JMeterThread: Thread started: Thread Group 1-93
2024-03-20 14:03:44,776 INFO o.a.j.t.JMeterThread: Thread started: Thread Group 1-95
2024-03-20 14:03:44,768 INFO o.a.j.t.JMeterThread: Thread started: Thread Group 1-94
2024-03-20 14:03:44,788 INFO o.a.j.t.JMeterThread: Thread started: Thread Group 1-96
2024-03-20 14:03:44,798 INFO o.a.j.t.JMeterThread: Thread started: Thread Group 1-97
2024-03-20 14:03:44,809 INFO o.a.j.t.JMeterThread: Thread started: Thread Group 1-98
2024-03-20 14:03:44,819 INFO o.a.j.t.JMeterThread: Thread started: Thread Group 1-99
2024-03-20 14:03:44,826 INFO o.a.j.t.JMeterThread: Thread started: Thread Group 1-100
2024-03-20 14:03:57,051 INFO o.a.j.t.JMeterThread: Thread is done: Thread Group 1-23
2024-03-20 14:03:57,051 INFO o.a.j.t.JMeterThread: Thread finished: Thread Group 1-23
2024-03-20 14:04:00,005 INFO o.a.j.r.Summariser: summary +    404 in 00:00:16 =   25.0/s Avg:  3389 Min:    30 Max:  8618 Err:     3 (0.74%) Active: 99 Started: 100 Finished: 1
2024-03-20 14:04:00,253 INFO o.a.j.t.JMeterThread: Thread is done: Thread Group 1-26
2024-03-20 14:04:00,253 INFO o.a.j.t.JMeterThread: Thread finished: Thread Group 1-26
2024-03-20 14:04:00,253 INFO o.a.j.t.JMeterThread: Thread is done: Thread Group 1-14
2024-03-20 14:04:00,253 INFO o.a.j.t.JMeterThread: Thread finished: Thread Group 1-14
2024-03-20 14:04:00,255 INFO o.a.j.t.JMeterThread: Thread is done: Thread Group 1-40
2024-03-20 14:04:00,255 INFO o.a.j.t.JMeterThread: Thread finished: Thread Group 1-40
2024-03-20 14:04:00,255 INFO o.a.j.t.JMeterThread: Thread is done: Thread Group 1-83
2024-03-20 14:04:00,256 INFO o.a.j.t.JMeterThread: Thread finished: Thread Group 1-83
2024-03-20 14:04:00,274 INFO o.a.j.t.JMeterThread: Thread is done: Thread Group 1-37
2024-03-20 14:04:00,274 INFO o.a.j.t.JMeterThread: Thread finished: Thread Group 1-37
2024-03-20 14:04:00,290 INFO o.a.j.t.JMeterThread: Thread is done: Thread Group 1-100
2024-03-20 14:04:00,290 INFO o.a.j.t.JMeterThread: Thread finished: Thread Group 1-100
2024-03-20 14:04:00,345 INFO o.a.j.t.JMeterThread: Thread is done: Thread Group 1-30
2024-03-20 14:04:00,346 INFO o.a.j.t.JMeterThread: Thread finished: Thread Group 1-30
2024-03-20 14:04:00,519 INFO o.a.j.t.JMeterThread: Thread is done: Thread Group 1-94
2024-03-20 14:04:00,520 INFO o.a.j.t.JMeterThread: Thread finished: Thread Group 1-94
2024-03-20 14:04:00,521 INFO o.a.j.t.JMeterThread: Thread is done: Thread Group 1-71
2024-03-20 14:04:00,521 INFO o.a.j.t.JMeterThread: Thread finished: Thread Group 1-71
2024-03-20 14:04:00,522 INFO o.a.j.t.JMeterThread: Thread is done: Thread Group 1-13
2024-03-20 14:04:00,523 INFO o.a.j.t.JMeterThread: Thread finished: Thread Group 1-13
2024-03-20 14:04:00,526 INFO o.a.j.t.JMeterThread: Thread is done: Thread Group 1-54
2024-03-20 14:04:00,527 INFO o.a.j.t.JMeterThread: Thread finished: Thread Group 1-54
2024-03-20 14:04:00,527 INFO o.a.j.t.JMeterThread: Thread is done: Thread Group 1-15
2024-03-20 14:04:00,527 INFO o.a.j.t.JMeterThread: Thread finished: Thread Group 1-15
2024-03-20 14:04:00,527 INFO o.a.j.t.JMeterThread: Thread is done: Thread Group 1-9
2024-03-20 14:04:00,528 INFO o.a.j.t.JMeterThread: Thread finished: Thread Group 1-9
2024-03-20 14:04:00,529 INFO o.a.j.t.JMeterThread: Thread is done: Thread Group 1-48
2024-03-20 14:04:00,529 INFO o.a.j.t.JMeterThread: Thread is done: Thread Group 1-49
2024-03-20 14:04:00,529 INFO o.a.j.t.JMeterThread: Thread finished: Thread Group 1-48
2024-03-20 14:04:00,529 INFO o.a.j.t.JMeterThread: Thread finished: Thread Group 1-49
2024-03-20 14:04:00,529 INFO o.a.j.t.JMeterThread: Thread is done: Thread Group 1-98
2024-03-20 14:04:00,530 INFO o.a.j.t.JMeterThread: Thread finished: Thread Group 1-98
2024-03-20 14:04:00,529 INFO o.a.j.t.JMeterThread: Thread is done: Thread Group 1-25
2024-03-20 14:04:00,530 INFO o.a.j.t.JMeterThread: Thread finished: Thread Group 1-25
2024-03-20 14:04:00,538 INFO o.a.j.t.JMeterThread: Thread is done: Thread Group 1-92
2024-03-20 14:04:00,539 INFO o.a.j.t.JMeterThread: Thread finished: Thread Group 1-92
2024-03-20 14:04:00,611 INFO o.a.j.t.JMeterThread: Thread is done: Thread Group 1-77
2024-03-20 14:04:00,612 INFO o.a.j.t.JMeterThread: Thread is done: Thread Group 1-1
2024-03-20 14:04:00,612 INFO o.a.j.t.JMeterThread: Thread finished: Thread Group 1-77
2024-03-20 14:04:00,612 INFO o.a.j.t.JMeterThread: Thread finished: Thread Group 1-1
2024-03-20 14:04:00,613 INFO o.a.j.t.JMeterThread: Thread is done: Thread Group 1-17
2024-03-20 14:04:00,613 INFO o.a.j.t.JMeterThread: Thread finished: Thread Group 1-17
2024-03-20 14:04:00,613 INFO o.a.j.t.JMeterThread: Thread is done: Thread Group 1-21
2024-03-20 14:04:00,613 INFO o.a.j.t.JMeterThread: Thread finished: Thread Group 1-21
2024-03-20 14:04:00,614 INFO o.a.j.t.JMeterThread: Thread is done: Thread Group 1-72
2024-03-20 14:04:00,614 INFO o.a.j.t.JMeterThread: Thread finished: Thread Group 1-72
2024-03-20 14:04:00,763 INFO o.a.j.t.JMeterThread: Thread is done: Thread Group 1-93
2024-03-20 14:04:00,764 INFO o.a.j.t.JMeterThread: Thread finished: Thread Group 1-93
2024-03-20 14:04:00,764 INFO o.a.j.t.JMeterThread: Thread is done: Thread Group 1-74
2024-03-20 14:04:00,765 INFO o.a.j.t.JMeterThread: Thread is done: Thread Group 1-78
2024-03-20 14:04:00,764 INFO o.a.j.t.JMeterThread: Thread is done: Thread Group 1-75
2024-03-20 14:04:00,765 INFO o.a.j.t.JMeterThread: Thread finished: Thread Group 1-78
2024-03-20 14:04:00,765 INFO o.a.j.t.JMeterThread: Thread finished: Thread Group 1-75
2024-03-20 14:04:00,766 INFO o.a.j.t.JMeterThread: Thread finished: Thread Group 1-74
2024-03-20 14:04:00,767 INFO o.a.j.t.JMeterThread: Thread is done: Thread Group 1-56
2024-03-20 14:04:00,768 INFO o.a.j.t.JMeterThread: Thread finished: Thread Group 1-56
2024-03-20 14:04:00,768 INFO o.a.j.t.JMeterThread: Thread is done: Thread Group 1-70
2024-03-20 14:04:00,768 INFO o.a.j.t.JMeterThread: Thread is done: Thread Group 1-28
2024-03-20 14:04:00,768 INFO o.a.j.t.JMeterThread: Thread finished: Thread Group 1-70
2024-03-20 14:04:00,768 INFO o.a.j.t.JMeterThread: Thread finished: Thread Group 1-28
2024-03-20 14:04:00,768 INFO o.a.j.t.JMeterThread: Thread is done: Thread Group 1-95
2024-03-20 14:04:00,768 INFO o.a.j.t.JMeterThread: Thread finished: Thread Group 1-95
2024-03-20 14:04:00,794 INFO o.a.j.t.JMeterThread: Thread is done: Thread Group 1-11
2024-03-20 14:04:00,794 INFO o.a.j.t.JMeterThread: Thread finished: Thread Group 1-11
2024-03-20 14:04:00,801 INFO o.a.j.t.JMeterThread: Thread is done: Thread Group 1-55
2024-03-20 14:04:00,801 INFO o.a.j.t.JMeterThread: Thread finished: Thread Group 1-55
2024-03-20 14:04:00,943 INFO o.a.j.t.JMeterThread: Thread is done: Thread Group 1-27
2024-03-20 14:04:00,943 INFO o.a.j.t.JMeterThread: Thread finished: Thread Group 1-27
2024-03-20 14:04:00,943 INFO o.a.j.t.JMeterThread: Thread is done: Thread Group 1-67
2024-03-20 14:04:00,943 INFO o.a.j.t.JMeterThread: Thread finished: Thread Group 1-67
2024-03-20 14:04:00,944 INFO o.a.j.t.JMeterThread: Thread is done: Thread Group 1-73
2024-03-20 14:04:00,944 INFO o.a.j.t.JMeterThread: Thread finished: Thread Group 1-73
2024-03-20 14:04:00,946 INFO o.a.j.t.JMeterThread: Thread is done: Thread Group 1-29
2024-03-20 14:04:00,946 INFO o.a.j.t.JMeterThread: Thread finished: Thread Group 1-29
2024-03-20 14:04:00,946 INFO o.a.j.t.JMeterThread: Thread is done: Thread Group 1-16
2024-03-20 14:04:00,946 INFO o.a.j.t.JMeterThread: Thread finished: Thread Group 1-16
2024-03-20 14:04:00,947 INFO o.a.j.t.JMeterThread: Thread is done: Thread Group 1-6
2024-03-20 14:04:00,948 INFO o.a.j.t.JMeterThread: Thread finished: Thread Group 1-6
2024-03-20 14:04:00,959 INFO o.a.j.t.JMeterThread: Thread is done: Thread Group 1-24
2024-03-20 14:04:00,959 INFO o.a.j.t.JMeterThread: Thread finished: Thread Group 1-24
2024-03-20 14:04:00,970 INFO o.a.j.t.JMeterThread: Thread is done: Thread Group 1-8
2024-03-20 14:04:00,970 INFO o.a.j.t.JMeterThread: Thread finished: Thread Group 1-8
2024-03-20 14:04:00,986 INFO o.a.j.t.JMeterThread: Thread is done: Thread Group 1-20
2024-03-20 14:04:00,986 INFO o.a.j.t.JMeterThread: Thread finished: Thread Group 1-20
2024-03-20 14:04:01,124 INFO o.a.j.t.JMeterThread: Thread is done: Thread Group 1-64
2024-03-20 14:04:01,124 INFO o.a.j.t.JMeterThread: Thread is done: Thread Group 1-89
2024-03-20 14:04:01,124 INFO o.a.j.t.JMeterThread: Thread finished: Thread Group 1-64
2024-03-20 14:04:01,124 INFO o.a.j.t.JMeterThread: Thread finished: Thread Group 1-89
2024-03-20 14:04:01,125 INFO o.a.j.t.JMeterThread: Thread is done: Thread Group 1-45
2024-03-20 14:04:01,125 INFO o.a.j.t.JMeterThread: Thread is done: Thread Group 1-60
2024-03-20 14:04:01,125 INFO o.a.j.t.JMeterThread: Thread finished: Thread Group 1-45
2024-03-20 14:04:01,125 INFO o.a.j.t.JMeterThread: Thread finished: Thread Group 1-60
2024-03-20 14:04:01,125 INFO o.a.j.t.JMeterThread: Thread is done: Thread Group 1-57
2024-03-20 14:04:01,126 INFO o.a.j.t.JMeterThread: Thread finished: Thread Group 1-57
2024-03-20 14:04:01,127 INFO o.a.j.t.JMeterThread: Thread is done: Thread Group 1-34
2024-03-20 14:04:01,127 INFO o.a.j.t.JMeterThread: Thread finished: Thread Group 1-34
2024-03-20 14:04:01,128 INFO o.a.j.t.JMeterThread: Thread is done: Thread Group 1-84
2024-03-20 14:04:01,128 INFO o.a.j.t.JMeterThread: Thread finished: Thread Group 1-84
2024-03-20 14:04:01,134 INFO o.a.j.t.JMeterThread: Thread is done: Thread Group 1-96
2024-03-20 14:04:01,135 INFO o.a.j.t.JMeterThread: Thread finished: Thread Group 1-96
2024-03-20 14:04:01,275 INFO o.a.j.t.JMeterThread: Thread is done: Thread Group 1-53
2024-03-20 14:04:01,275 INFO o.a.j.t.JMeterThread: Thread finished: Thread Group 1-53
2024-03-20 14:04:01,276 INFO o.a.j.t.JMeterThread: Thread is done: Thread Group 1-7
2024-03-20 14:04:01,276 INFO o.a.j.t.JMeterThread: Thread finished: Thread Group 1-7
2024-03-20 14:04:01,276 INFO o.a.j.t.JMeterThread: Thread is done: Thread Group 1-86
2024-03-20 14:04:01,276 INFO o.a.j.t.JMeterThread: Thread is done: Thread Group 1-91
2024-03-20 14:04:01,276 INFO o.a.j.t.JMeterThread: Thread finished: Thread Group 1-86
2024-03-20 14:04:01,276 INFO o.a.j.t.JMeterThread: Thread finished: Thread Group 1-91
2024-03-20 14:04:01,278 INFO o.a.j.t.JMeterThread: Thread is done: Thread Group 1-90
2024-03-20 14:04:01,278 INFO o.a.j.t.JMeterThread: Thread finished: Thread Group 1-90
2024-03-20 14:04:01,278 INFO o.a.j.t.JMeterThread: Thread is done: Thread Group 1-76
2024-03-20 14:04:01,278 INFO o.a.j.t.JMeterThread: Thread is done: Thread Group 1-18
2024-03-20 14:04:01,278 INFO o.a.j.t.JMeterThread: Thread finished: Thread Group 1-76
2024-03-20 14:04:01,278 INFO o.a.j.t.JMeterThread: Thread finished: Thread Group 1-18
2024-03-20 14:04:01,278 INFO o.a.j.t.JMeterThread: Thread is done: Thread Group 1-97
2024-03-20 14:04:01,278 INFO o.a.j.t.JMeterThread: Thread finished: Thread Group 1-97
2024-03-20 14:04:01,279 INFO o.a.j.t.JMeterThread: Thread is done: Thread Group 1-50
2024-03-20 14:04:01,279 INFO o.a.j.t.JMeterThread: Thread finished: Thread Group 1-50
2024-03-20 14:04:01,280 INFO o.a.j.t.JMeterThread: Thread is done: Thread Group 1-46
2024-03-20 14:04:01,280 INFO o.a.j.t.JMeterThread: Thread finished: Thread Group 1-46
2024-03-20 14:04:01,292 INFO o.a.j.t.JMeterThread: Thread is done: Thread Group 1-35
2024-03-20 14:04:01,292 INFO o.a.j.t.JMeterThread: Thread finished: Thread Group 1-35
2024-03-20 14:04:01,292 INFO o.a.j.t.JMeterThread: Thread is done: Thread Group 1-66
2024-03-20 14:04:01,292 INFO o.a.j.t.JMeterThread: Thread finished: Thread Group 1-66
2024-03-20 14:04:01,292 INFO o.a.j.t.JMeterThread: Thread is done: Thread Group 1-44
2024-03-20 14:04:01,293 INFO o.a.j.t.JMeterThread: Thread finished: Thread Group 1-44
2024-03-20 14:04:01,294 INFO o.a.j.t.JMeterThread: Thread is done: Thread Group 1-99
2024-03-20 14:04:01,294 INFO o.a.j.t.JMeterThread: Thread finished: Thread Group 1-99
2024-03-20 14:04:01,294 INFO o.a.j.t.JMeterThread: Thread is done: Thread Group 1-63
2024-03-20 14:04:01,294 INFO o.a.j.t.JMeterThread: Thread finished: Thread Group 1-63
2024-03-20 14:04:01,296 INFO o.a.j.t.JMeterThread: Thread is done: Thread Group 1-36
2024-03-20 14:04:01,296 INFO o.a.j.t.JMeterThread: Thread finished: Thread Group 1-36
2024-03-20 14:04:01,298 INFO o.a.j.t.JMeterThread: Thread is done: Thread Group 1-12
2024-03-20 14:04:01,298 INFO o.a.j.t.JMeterThread: Thread finished: Thread Group 1-12
2024-03-20 14:04:01,303 INFO o.a.j.t.JMeterThread: Thread is done: Thread Group 1-69
2024-03-20 14:04:01,303 INFO o.a.j.t.JMeterThread: Thread finished: Thread Group 1-69
2024-03-20 14:04:01,315 INFO o.a.j.t.JMeterThread: Thread is done: Thread Group 1-52
2024-03-20 14:04:01,315 INFO o.a.j.t.JMeterThread: Thread finished: Thread Group 1-52
2024-03-20 14:04:01,454 INFO o.a.j.t.JMeterThread: Thread is done: Thread Group 1-5
2024-03-20 14:04:01,455 INFO o.a.j.t.JMeterThread: Thread finished: Thread Group 1-5
2024-03-20 14:04:01,455 INFO o.a.j.t.JMeterThread: Thread is done: Thread Group 1-10
2024-03-20 14:04:01,455 INFO o.a.j.t.JMeterThread: Thread finished: Thread Group 1-10
2024-03-20 14:04:01,455 INFO o.a.j.t.JMeterThread: Thread is done: Thread Group 1-85
2024-03-20 14:04:01,455 INFO o.a.j.t.JMeterThread: Thread finished: Thread Group 1-85
2024-03-20 14:04:01,456 INFO o.a.j.t.JMeterThread: Thread is done: Thread Group 1-42
2024-03-20 14:04:01,456 INFO o.a.j.t.JMeterThread: Thread finished: Thread Group 1-42
2024-03-20 14:04:01,457 INFO o.a.j.t.JMeterThread: Thread is done: Thread Group 1-2
2024-03-20 14:04:01,457 INFO o.a.j.t.JMeterThread: Thread finished: Thread Group 1-2
2024-03-20 14:04:01,458 INFO o.a.j.t.JMeterThread: Thread is done: Thread Group 1-33
2024-03-20 14:04:01,458 INFO o.a.j.t.JMeterThread: Thread is done: Thread Group 1-3
2024-03-20 14:04:01,458 INFO o.a.j.t.JMeterThread: Thread finished: Thread Group 1-33
2024-03-20 14:04:01,458 INFO o.a.j.t.JMeterThread: Thread finished: Thread Group 1-3
2024-03-20 14:04:01,459 INFO o.a.j.t.JMeterThread: Thread is done: Thread Group 1-43
2024-03-20 14:04:01,459 INFO o.a.j.t.JMeterThread: Thread finished: Thread Group 1-43
2024-03-20 14:04:01,460 INFO o.a.j.t.JMeterThread: Thread is done: Thread Group 1-80
2024-03-20 14:04:01,461 INFO o.a.j.t.JMeterThread: Thread finished: Thread Group 1-80
2024-03-20 14:04:01,461 INFO o.a.j.t.JMeterThread: Thread is done: Thread Group 1-31
2024-03-20 14:04:01,461 INFO o.a.j.t.JMeterThread: Thread finished: Thread Group 1-31
2024-03-20 14:04:01,463 INFO o.a.j.t.JMeterThread: Thread is done: Thread Group 1-59
2024-03-20 14:04:01,463 INFO o.a.j.t.JMeterThread: Thread finished: Thread Group 1-59
2024-03-20 14:04:01,477 INFO o.a.j.t.JMeterThread: Thread is done: Thread Group 1-51
2024-03-20 14:04:01,477 INFO o.a.j.t.JMeterThread: Thread finished: Thread Group 1-51
2024-03-20 14:04:01,478 INFO o.a.j.t.JMeterThread: Thread is done: Thread Group 1-81
2024-03-20 14:04:01,478 INFO o.a.j.t.JMeterThread: Thread finished: Thread Group 1-81
2024-03-20 14:04:01,484 INFO o.a.j.t.JMeterThread: Thread is done: Thread Group 1-87
2024-03-20 14:04:01,484 INFO o.a.j.t.JMeterThread: Thread finished: Thread Group 1-87
2024-03-20 14:04:01,492 INFO o.a.j.t.JMeterThread: Thread is done: Thread Group 1-79
2024-03-20 14:04:01,492 INFO o.a.j.t.JMeterThread: Thread finished: Thread Group 1-79
2024-03-20 14:04:01,635 INFO o.a.j.t.JMeterThread: Thread is done: Thread Group 1-47
2024-03-20 14:04:01,635 INFO o.a.j.t.JMeterThread: Thread finished: Thread Group 1-47
2024-03-20 14:04:01,636 INFO o.a.j.t.JMeterThread: Thread is done: Thread Group 1-61
2024-03-20 14:04:01,637 INFO o.a.j.t.JMeterThread: Thread finished: Thread Group 1-61
2024-03-20 14:04:01,637 INFO o.a.j.t.JMeterThread: Thread is done: Thread Group 1-62
2024-03-20 14:04:01,637 INFO o.a.j.t.JMeterThread: Thread is done: Thread Group 1-32
2024-03-20 14:04:01,637 INFO o.a.j.t.JMeterThread: Thread is done: Thread Group 1-82
2024-03-20 14:04:01,637 INFO o.a.j.t.JMeterThread: Thread finished: Thread Group 1-62
2024-03-20 14:04:01,637 INFO o.a.j.t.JMeterThread: Thread finished: Thread Group 1-82
2024-03-20 14:04:01,637 INFO o.a.j.t.JMeterThread: Thread finished: Thread Group 1-32
2024-03-20 14:04:01,638 INFO o.a.j.t.JMeterThread: Thread is done: Thread Group 1-38
2024-03-20 14:04:01,638 INFO o.a.j.t.JMeterThread: Thread finished: Thread Group 1-38
2024-03-20 14:04:01,638 INFO o.a.j.t.JMeterThread: Thread is done: Thread Group 1-65
2024-03-20 14:04:01,638 INFO o.a.j.t.JMeterThread: Thread finished: Thread Group 1-65
2024-03-20 14:04:01,639 INFO o.a.j.t.JMeterThread: Thread is done: Thread Group 1-19
2024-03-20 14:04:01,639 INFO o.a.j.t.JMeterThread: Thread finished: Thread Group 1-19
2024-03-20 14:04:01,640 INFO o.a.j.t.JMeterThread: Thread is done: Thread Group 1-68
2024-03-20 14:04:01,640 INFO o.a.j.t.JMeterThread: Thread finished: Thread Group 1-68
2024-03-20 14:04:01,641 INFO o.a.j.t.JMeterThread: Thread is done: Thread Group 1-39
2024-03-20 14:04:01,641 INFO o.a.j.t.JMeterThread: Thread is done: Thread Group 1-41
2024-03-20 14:04:01,641 INFO o.a.j.t.JMeterThread: Thread finished: Thread Group 1-39
2024-03-20 14:04:01,641 INFO o.a.j.t.JMeterThread: Thread finished: Thread Group 1-41
2024-03-20 14:04:01,641 INFO o.a.j.t.JMeterThread: Thread is done: Thread Group 1-4
2024-03-20 14:04:01,642 INFO o.a.j.t.JMeterThread: Thread finished: Thread Group 1-4
2024-03-20 14:04:01,642 INFO o.a.j.t.JMeterThread: Thread is done: Thread Group 1-58
2024-03-20 14:04:01,642 INFO o.a.j.t.JMeterThread: Thread finished: Thread Group 1-58
2024-03-20 14:04:01,656 INFO o.a.j.t.JMeterThread: Thread is done: Thread Group 1-22
2024-03-20 14:04:01,656 INFO o.a.j.t.JMeterThread: Thread finished: Thread Group 1-22
2024-03-20 14:04:01,660 INFO o.a.j.t.JMeterThread: Thread is done: Thread Group 1-88
2024-03-20 14:04:01,660 INFO o.a.j.t.JMeterThread: Thread finished: Thread Group 1-88
2024-03-20 14:04:01,661 INFO o.a.j.e.StandardJMeterEngine: Notifying test listeners of end of test
2024-03-20 14:04:01,663 INFO o.a.j.r.Summariser: summary +    196 in 00:00:02 =  118.1/s Avg:  1529 Min:    98 Max:  4043 Err:     0 (0.00%) Active: 0 Started: 100 Finished: 100
2024-03-20 14:04:01,663 INFO o.a.j.r.Summariser: summary =    600 in 00:00:18 =   33.6/s Avg:  2781 Min:    30 Max:  8618 Err:     3 (0.50%)
